<?xml version="1.0" encoding="UTF-8"?>
<!-- Generated by org.testng.reporters.JUnitReportReporter -->
<testsuite hostname="LAPTOP-NNNVR37U" failures="0" tests="1" name="test.Bdlogintest" time="4.340" errors="0" timestamp="2024-06-12T15:42:03 IST" skipped="0">
  <testcase classname="test.Bdlogintest" name="test" time="4.340"/>
  <system-out/>
</testsuite> <!-- test.Bdlogintest -->
