<?xml version="1.0" encoding="UTF-8"?>
<!-- Generated by org.testng.reporters.JUnitReportReporter -->
<testsuite hostname="LAPTOP-NNNVR37U" failures="0" tests="1" name="test.Blazedemoregister_test" time="3.313" errors="0" timestamp="2024-06-12T15:22:31 IST" skipped="0">
  <testcase classname="test.Blazedemoregister_test" name="test" time="3.313"/>
  <system-out/>
</testsuite> <!-- test.Blazedemoregister_test -->
