<?xml version="1.0" encoding="UTF-8"?>
<!-- Generated by org.testng.reporters.JUnitReportReporter -->
<testsuite hostname="LAPTOP-NNNVR37U" failures="0" tests="1" name="testng.Right_click" time="11.381" errors="0" timestamp="2024-06-08T14:13:08 IST" skipped="0">
  <testcase classname="testng.Right_click" name="test1" time="11.381"/>
  <system-out/>
</testsuite> <!-- testng.Right_click -->
