<?xml version="1.0" encoding="UTF-8"?>
<!-- Generated by org.testng.reporters.JUnitReportReporter -->
<testsuite hostname="LAPTOP-NNNVR37U" failures="0" tests="1" name="testng.Scroll_Down" time="47.048" errors="0" timestamp="2024-06-08T15:29:38 IST" skipped="0">
  <testcase classname="testng.Scroll_Down" name="test1" time="47.048"/>
  <system-out/>
</testsuite> <!-- testng.Scroll_Down -->
