<?xml version="1.0" encoding="UTF-8"?>
<!-- Generated by org.testng.reporters.JUnitReportReporter -->
<testsuite hostname="LAPTOP-NNNVR37U" failures="0" tests="2" name="testng.Testng_demo" time="0.005" errors="0" timestamp="2024-06-07T16:12:39 IST" skipped="0">
  <testcase classname="testng.Testng_demo" name="test1" time="0.004"/>
  <system-out/>
  <testcase classname="testng.Testng_demo" name="test2" time="0.001"/>
  <system-out/>
</testsuite> <!-- testng.Testng_demo -->
