<?xml version="1.0" encoding="UTF-8"?>
<!-- Generated by org.testng.reporters.JUnitReportReporter -->
<testsuite hostname="LAPTOP-NNNVR37U" failures="0" tests="2" name="testng.Testng_grouping" time="0.006" errors="0" timestamp="2024-06-07T16:52:47 IST" skipped="0">
  <testcase classname="testng.Testng_grouping" name="test2" time="0.001"/>
  <system-out/>
  <testcase classname="testng.Testng_grouping" name="test1" time="0.005"/>
  <system-out/>
</testsuite> <!-- testng.Testng_grouping -->
