<?xml version="1.0" encoding="UTF-8"?>
<!-- Generated by org.testng.reporters.JUnitReportReporter -->
<testsuite hostname="LAPTOP-NNNVR37U" failures="0" tests="1" name="testng.Drag_drop" time="23.448" errors="0" timestamp="2024-06-08T10:30:33 IST" skipped="0">
  <testcase classname="testng.Drag_drop" name="test1" time="23.448"/>
  <system-out/>
</testsuite> <!-- testng.Drag_drop -->
