<?xml version="1.0" encoding="UTF-8"?>
<!-- Generated by org.testng.reporters.JUnitReportReporter -->
<testsuite hostname="LAPTOP-NNNVR37U" failures="0" tests="6" name="practise.Heroku" time="11.610" errors="0" timestamp="2024-07-05T09:34:56 IST" skipped="0">
  <testcase classname="practise.Heroku" name="addremove" time="5.818"/>
  <system-out/>
  <testcase classname="practise.Heroku" name="ABtesting" time="0.938"/>
  <system-out/>
  <testcase classname="practise.Heroku" name="brokenimage" time="1.588"/>
  <system-out/>
  <testcase classname="practise.Heroku" name="basicauth" time="0.894"/>
  <system-out/>
  <testcase classname="practise.Heroku" name="checkboxes" time="1.197"/>
  <system-out/>
  <testcase classname="practise.Heroku" name="rightclick" time="1.175"/>
  <system-out/>
</testsuite> <!-- practise.Heroku -->
