<?xml version="1.0" encoding="UTF-8"?>
<!-- Generated by org.testng.reporters.JUnitReportReporter -->
<testsuite hostname="LAPTOP-NNNVR37U" failures="0" tests="1" name="testng.Date_picker" time="5.547" errors="0" timestamp="2024-06-17T17:44:56 IST" skipped="0">
  <testcase classname="testng.Date_picker" name="test1" time="5.547"/>
  <system-out/>
</testsuite> <!-- testng.Date_picker -->
