<?xml version="1.0" encoding="UTF-8"?>
<!-- Generated by org.testng.reporters.JUnitReportReporter -->
<testsuite hostname="LAPTOP-NNNVR37U" failures="0" tests="1" name="testng.Action_" time="4.798" errors="0" timestamp="2024-06-18T17:04:27 IST" skipped="0">
  <testcase classname="testng.Action_" name="test1" time="4.798"/>
  <system-out/>
</testsuite> <!-- testng.Action_ -->
